<?xml version="1.0" encoding="UTF-8"?>
<!-- Generated by org.testng.reporters.JUnitXMLReporter -->
<testsuite hostname="Vinodh" name="LoginTest" tests="3" failures="3" timestamp="17 Jan 2017 20:57:16 GMT" time="12.829" errors="0">
  <testcase name="testBreadCrumbs" time="0.003" classname="com.wbl.tests.LoginPageTest">
    <failure type="java.lang.NullPointerException">
      <![CDATA[java.lang.NullPointerException
	at com.wbl.tests.LoginPageTest.testBreadCrumbs(LoginPageTest.java:24)
... Removed 24 stack frames]]>
    </failure>
  </testcase> <!-- testBreadCrumbs -->
  <testcase name="testForgotPassword" time="0.001" classname="com.wbl.tests.LoginPageTest">
    <failure type="java.lang.NullPointerException">
      <![CDATA[java.lang.NullPointerException
	at com.wbl.tests.LoginPageTest.testForgotPassword(LoginPageTest.java:29)
... Removed 24 stack frames]]>
    </failure>
  </testcase> <!-- testForgotPassword -->
  <testcase name="testLogin" time="0.002" classname="com.wbl.tests.LoginPageTest">
    <failure type="java.lang.NullPointerException">
      <![CDATA[java.lang.NullPointerException
	at com.wbl.tests.LoginPageTest.testLogin(LoginPageTest.java:20)
... Removed 24 stack frames]]>
    </failure>
  </testcase> <!-- testLogin -->
</testsuite> <!-- LoginTest -->
